<?xml version="1.0" encoding="UTF-8"?>
<!-- Generated by org.testng.reporters.JUnitReportReporter -->
<testsuite skipped="0" hostname="DESKTOP-4TKG998" name="com.deckofcardsapi.tests.DrawCardsFromDeck" tests="1" failures="0" timestamp="05 Apr 2021 03:06:57 GMT" time="1.096" errors="0">
  <testcase name="getDeckIdTest" time="1.096" classname="com.deckofcardsapi.tests.DrawCardsFromDeck"/>
</testsuite> <!-- com.deckofcardsapi.tests.DrawCardsFromDeck -->
