<?xml version="1.0" encoding="UTF-8"?>
<!-- Generated by org.testng.reporters.JUnitReportReporter -->
<testsuite skipped="0" hostname="DESKTOP-4TKG998" name="com.deckofcardsapi.tests.CreateNewDeckOfCards" tests="3" failures="0" timestamp="05 Apr 2021 03:06:57 GMT" time="5.715" errors="0">
  <testcase name="createNewDeckTest" time="4.587" classname="com.deckofcardsapi.tests.CreateNewDeckOfCards"/>
  <testcase name="postJokerTest" time="0.516" classname="com.deckofcardsapi.tests.CreateNewDeckOfCards"/>
  <testcase name="getJokerTest" time="0.612" classname="com.deckofcardsapi.tests.CreateNewDeckOfCards"/>
</testsuite> <!-- com.deckofcardsapi.tests.CreateNewDeckOfCards -->
